<?xml version="1.0" encoding="UTF-8"?>
<testsuite name="ohtuesimerkki.StatisticsTest" tests="4" skipped="0" failures="0" errors="0" timestamp="2019-10-30T13:39:31" hostname="markus-HP-EliteBook-820-G3" time="0.012">
  <properties/>
  <testcase name="oikeatPelaajatEka" classname="ohtuesimerkki.StatisticsTest" time="0.005"/>
  <testcase name="pelaajaaEiLöydy" classname="ohtuesimerkki.StatisticsTest" time="0.001"/>
  <testcase name="topScorers" classname="ohtuesimerkki.StatisticsTest" time="0.001"/>
  <testcase name="löydäPelaaja" classname="ohtuesimerkki.StatisticsTest" time="0.0"/>
  <system-out><![CDATA[]]></system-out>
  <system-err><![CDATA[]]></system-err>
</testsuite>
